<?xml version="1.0" encoding="UTF-8"?><testrun name="AllTests (6)" project="TestProject" tests="65" started="65" failures="9" errors="6" ignored="0">
  <testsuite name="AllTests" time="0.01">
    <testsuite name="DeliveryBeanTest" time="0.0">
      <testcase name="testConstructor" classname="DeliveryBeanTest" time="0.0"/>
      <testcase name="testGettersANDSetters" classname="DeliveryBeanTest" time="0.0"/>
      <testcase name="testSettingDeliveryTime" classname="DeliveryBeanTest" time="0.0"/>
      <testcase name="testCanEdit" classname="DeliveryBeanTest" time="0.0"/>
    </testsuite>
    <testsuite name="LoginBeanTest" time="0.0">
      <testcase name="testGettersANDSetters" classname="LoginBeanTest" time="0.0"/>
      <testcase name="testDefaultConstructor" classname="LoginBeanTest" time="0.0"/>
      <testcase name="testInvalidPasswordLogin" classname="LoginBeanTest" time="0.0"/>
      <testcase name="testInvalidEmailLogin" classname="LoginBeanTest" time="0.0"/>
      <testcase name="testLogout" classname="LoginBeanTest" time="0.0"/>
      <testcase name="testEmptyFields" classname="LoginBeanTest" time="0.0"/>
      <testcase name="testSuccessfulLogin" classname="LoginBeanTest" time="0.0"/>
    </testsuite>
    <testsuite name="ProductDataTest" time="0.0">
      <testcase name="testAddAndRemoveItemToBasket" classname="ProductDataTest" time="0.0">
        <error>java.lang.Error: Unresolved compilation problems: 
	The constructor Product(String, double, String, int, int) is undefined
	The constructor Product(String, double, String, int, int) is undefined
&#13;
	at ProductDataTest.testAddAndRemoveItemToBasket(ProductDataTest.java:24)&#13;
	at sun.reflect.NativeMethodAccessorImpl.invoke0(Native Method)&#13;
	at sun.reflect.NativeMethodAccessorImpl.invoke(NativeMethodAccessorImpl.java:57)&#13;
	at sun.reflect.DelegatingMethodAccessorImpl.invoke(DelegatingMethodAccessorImpl.java:43)&#13;
	at java.lang.reflect.Method.invoke(Method.java:601)&#13;
	at org.junit.runners.model.FrameworkMethod$1.runReflectiveCall(FrameworkMethod.java:44)&#13;
	at org.junit.internal.runners.model.ReflectiveCallable.run(ReflectiveCallable.java:15)&#13;
	at org.junit.runners.model.FrameworkMethod.invokeExplosively(FrameworkMethod.java:41)&#13;
	at org.junit.internal.runners.statements.InvokeMethod.evaluate(InvokeMethod.java:20)&#13;
	at org.junit.internal.runners.statements.RunBefores.evaluate(RunBefores.java:28)&#13;
	at org.junit.runners.BlockJUnit4ClassRunner.runNotIgnored(BlockJUnit4ClassRunner.java:79)&#13;
	at org.junit.runners.BlockJUnit4ClassRunner.runChild(BlockJUnit4ClassRunner.java:71)&#13;
	at org.junit.runners.BlockJUnit4ClassRunner.runChild(BlockJUnit4ClassRunner.java:49)&#13;
	at org.junit.runners.ParentRunner$3.run(ParentRunner.java:193)&#13;
	at org.junit.runners.ParentRunner$1.schedule(ParentRunner.java:52)&#13;
	at org.junit.runners.ParentRunner.runChildren(ParentRunner.java:191)&#13;
	at org.junit.runners.ParentRunner.access$000(ParentRunner.java:42)&#13;
	at org.junit.runners.ParentRunner$2.evaluate(ParentRunner.java:184)&#13;
	at org.junit.runners.ParentRunner.run(ParentRunner.java:236)&#13;
	at org.junit.runners.Suite.runChild(Suite.java:128)&#13;
	at org.junit.runners.Suite.runChild(Suite.java:24)&#13;
	at org.junit.runners.ParentRunner$3.run(ParentRunner.java:193)&#13;
	at org.junit.runners.ParentRunner$1.schedule(ParentRunner.java:52)&#13;
	at org.junit.runners.ParentRunner.runChildren(ParentRunner.java:191)&#13;
	at org.junit.runners.ParentRunner.access$000(ParentRunner.java:42)&#13;
	at org.junit.runners.ParentRunner$2.evaluate(ParentRunner.java:184)&#13;
	at org.junit.runners.ParentRunner.run(ParentRunner.java:236)&#13;
	at org.eclipse.jdt.internal.junit4.runner.JUnit4TestReference.run(JUnit4TestReference.java:50)&#13;
	at org.eclipse.jdt.internal.junit.runner.TestExecution.run(TestExecution.java:38)&#13;
	at org.eclipse.jdt.internal.junit.runner.RemoteTestRunner.runTests(RemoteTestRunner.java:467)&#13;
	at org.eclipse.jdt.internal.junit.runner.RemoteTestRunner.runTests(RemoteTestRunner.java:683)&#13;
	at org.eclipse.jdt.internal.junit.runner.RemoteTestRunner.run(RemoteTestRunner.java:390)&#13;
	at org.eclipse.jdt.internal.junit.runner.RemoteTestRunner.main(RemoteTestRunner.java:197)&#13;
&#13;
</error>
      </testcase>
      <testcase name="testNoItemToBasket" classname="ProductDataTest" time="0.0"/>
      <testcase name="testGetSubTotal" classname="ProductDataTest" time="0.0">
        <error>java.lang.Error: Unresolved compilation problem: 
	The constructor Product(String, double, String, int, int) is undefined
&#13;
	at ProductDataTest.testGetSubTotal(ProductDataTest.java:42)&#13;
	at sun.reflect.NativeMethodAccessorImpl.invoke0(Native Method)&#13;
	at sun.reflect.NativeMethodAccessorImpl.invoke(NativeMethodAccessorImpl.java:57)&#13;
	at sun.reflect.DelegatingMethodAccessorImpl.invoke(DelegatingMethodAccessorImpl.java:43)&#13;
	at java.lang.reflect.Method.invoke(Method.java:601)&#13;
	at org.junit.runners.model.FrameworkMethod$1.runReflectiveCall(FrameworkMethod.java:44)&#13;
	at org.junit.internal.runners.model.ReflectiveCallable.run(ReflectiveCallable.java:15)&#13;
	at org.junit.runners.model.FrameworkMethod.invokeExplosively(FrameworkMethod.java:41)&#13;
	at org.junit.internal.runners.statements.InvokeMethod.evaluate(InvokeMethod.java:20)&#13;
	at org.junit.internal.runners.statements.RunBefores.evaluate(RunBefores.java:28)&#13;
	at org.junit.runners.BlockJUnit4ClassRunner.runNotIgnored(BlockJUnit4ClassRunner.java:79)&#13;
	at org.junit.runners.BlockJUnit4ClassRunner.runChild(BlockJUnit4ClassRunner.java:71)&#13;
	at org.junit.runners.BlockJUnit4ClassRunner.runChild(BlockJUnit4ClassRunner.java:49)&#13;
	at org.junit.runners.ParentRunner$3.run(ParentRunner.java:193)&#13;
	at org.junit.runners.ParentRunner$1.schedule(ParentRunner.java:52)&#13;
	at org.junit.runners.ParentRunner.runChildren(ParentRunner.java:191)&#13;
	at org.junit.runners.ParentRunner.access$000(ParentRunner.java:42)&#13;
	at org.junit.runners.ParentRunner$2.evaluate(ParentRunner.java:184)&#13;
	at org.junit.runners.ParentRunner.run(ParentRunner.java:236)&#13;
	at org.junit.runners.Suite.runChild(Suite.java:128)&#13;
	at org.junit.runners.Suite.runChild(Suite.java:24)&#13;
	at org.junit.runners.ParentRunner$3.run(ParentRunner.java:193)&#13;
	at org.junit.runners.ParentRunner$1.schedule(ParentRunner.java:52)&#13;
	at org.junit.runners.ParentRunner.runChildren(ParentRunner.java:191)&#13;
	at org.junit.runners.ParentRunner.access$000(ParentRunner.java:42)&#13;
	at org.junit.runners.ParentRunner$2.evaluate(ParentRunner.java:184)&#13;
	at org.junit.runners.ParentRunner.run(ParentRunner.java:236)&#13;
	at org.eclipse.jdt.internal.junit4.runner.JUnit4TestReference.run(JUnit4TestReference.java:50)&#13;
	at org.eclipse.jdt.internal.junit.runner.TestExecution.run(TestExecution.java:38)&#13;
	at org.eclipse.jdt.internal.junit.runner.RemoteTestRunner.runTests(RemoteTestRunner.java:467)&#13;
	at org.eclipse.jdt.internal.junit.runner.RemoteTestRunner.runTests(RemoteTestRunner.java:683)&#13;
	at org.eclipse.jdt.internal.junit.runner.RemoteTestRunner.run(RemoteTestRunner.java:390)&#13;
	at org.eclipse.jdt.internal.junit.runner.RemoteTestRunner.main(RemoteTestRunner.java:197)&#13;
&#13;
</error>
      </testcase>
      <testcase name="testGetSetTotal" classname="ProductDataTest" time="0.0">
        <error>java.lang.Error: Unresolved compilation problem: 
	The constructor Product(String, double, String, int, int) is undefined
&#13;
	at ProductDataTest.testGetSetTotal(ProductDataTest.java:53)&#13;
	at sun.reflect.NativeMethodAccessorImpl.invoke0(Native Method)&#13;
	at sun.reflect.NativeMethodAccessorImpl.invoke(NativeMethodAccessorImpl.java:57)&#13;
	at sun.reflect.DelegatingMethodAccessorImpl.invoke(DelegatingMethodAccessorImpl.java:43)&#13;
	at java.lang.reflect.Method.invoke(Method.java:601)&#13;
	at org.junit.runners.model.FrameworkMethod$1.runReflectiveCall(FrameworkMethod.java:44)&#13;
	at org.junit.internal.runners.model.ReflectiveCallable.run(ReflectiveCallable.java:15)&#13;
	at org.junit.runners.model.FrameworkMethod.invokeExplosively(FrameworkMethod.java:41)&#13;
	at org.junit.internal.runners.statements.InvokeMethod.evaluate(InvokeMethod.java:20)&#13;
	at org.junit.internal.runners.statements.RunBefores.evaluate(RunBefores.java:28)&#13;
	at org.junit.runners.BlockJUnit4ClassRunner.runNotIgnored(BlockJUnit4ClassRunner.java:79)&#13;
	at org.junit.runners.BlockJUnit4ClassRunner.runChild(BlockJUnit4ClassRunner.java:71)&#13;
	at org.junit.runners.BlockJUnit4ClassRunner.runChild(BlockJUnit4ClassRunner.java:49)&#13;
	at org.junit.runners.ParentRunner$3.run(ParentRunner.java:193)&#13;
	at org.junit.runners.ParentRunner$1.schedule(ParentRunner.java:52)&#13;
	at org.junit.runners.ParentRunner.runChildren(ParentRunner.java:191)&#13;
	at org.junit.runners.ParentRunner.access$000(ParentRunner.java:42)&#13;
	at org.junit.runners.ParentRunner$2.evaluate(ParentRunner.java:184)&#13;
	at org.junit.runners.ParentRunner.run(ParentRunner.java:236)&#13;
	at org.junit.runners.Suite.runChild(Suite.java:128)&#13;
	at org.junit.runners.Suite.runChild(Suite.java:24)&#13;
	at org.junit.runners.ParentRunner$3.run(ParentRunner.java:193)&#13;
	at org.junit.runners.ParentRunner$1.schedule(ParentRunner.java:52)&#13;
	at org.junit.runners.ParentRunner.runChildren(ParentRunner.java:191)&#13;
	at org.junit.runners.ParentRunner.access$000(ParentRunner.java:42)&#13;
	at org.junit.runners.ParentRunner$2.evaluate(ParentRunner.java:184)&#13;
	at org.junit.runners.ParentRunner.run(ParentRunner.java:236)&#13;
	at org.eclipse.jdt.internal.junit4.runner.JUnit4TestReference.run(JUnit4TestReference.java:50)&#13;
	at org.eclipse.jdt.internal.junit.runner.TestExecution.run(TestExecution.java:38)&#13;
	at org.eclipse.jdt.internal.junit.runner.RemoteTestRunner.runTests(RemoteTestRunner.java:467)&#13;
	at org.eclipse.jdt.internal.junit.runner.RemoteTestRunner.runTests(RemoteTestRunner.java:683)&#13;
	at org.eclipse.jdt.internal.junit.runner.RemoteTestRunner.run(RemoteTestRunner.java:390)&#13;
	at org.eclipse.jdt.internal.junit.runner.RemoteTestRunner.main(RemoteTestRunner.java:197)&#13;
&#13;
</error>
      </testcase>
    </testsuite>
    <testsuite name="ProductTest" time="0.0">
      <testcase name="testConstructorANDGetters" classname="ProductTest" time="0.0">
        <error>java.lang.Error: Unresolved compilation problem: 
	The constructor Product(String, double, String, int, int) is undefined
&#13;
	at ProductTest.setUp(ProductTest.java:14)&#13;
	at sun.reflect.NativeMethodAccessorImpl.invoke0(Native Method)&#13;
	at sun.reflect.NativeMethodAccessorImpl.invoke(NativeMethodAccessorImpl.java:57)&#13;
	at sun.reflect.DelegatingMethodAccessorImpl.invoke(DelegatingMethodAccessorImpl.java:43)&#13;
	at java.lang.reflect.Method.invoke(Method.java:601)&#13;
	at org.junit.runners.model.FrameworkMethod$1.runReflectiveCall(FrameworkMethod.java:44)&#13;
	at org.junit.internal.runners.model.ReflectiveCallable.run(ReflectiveCallable.java:15)&#13;
	at org.junit.runners.model.FrameworkMethod.invokeExplosively(FrameworkMethod.java:41)&#13;
	at org.junit.internal.runners.statements.RunBefores.evaluate(RunBefores.java:27)&#13;
	at org.junit.runners.BlockJUnit4ClassRunner.runNotIgnored(BlockJUnit4ClassRunner.java:79)&#13;
	at org.junit.runners.BlockJUnit4ClassRunner.runChild(BlockJUnit4ClassRunner.java:71)&#13;
	at org.junit.runners.BlockJUnit4ClassRunner.runChild(BlockJUnit4ClassRunner.java:49)&#13;
	at org.junit.runners.ParentRunner$3.run(ParentRunner.java:193)&#13;
	at org.junit.runners.ParentRunner$1.schedule(ParentRunner.java:52)&#13;
	at org.junit.runners.ParentRunner.runChildren(ParentRunner.java:191)&#13;
	at org.junit.runners.ParentRunner.access$000(ParentRunner.java:42)&#13;
	at org.junit.runners.ParentRunner$2.evaluate(ParentRunner.java:184)&#13;
	at org.junit.runners.ParentRunner.run(ParentRunner.java:236)&#13;
	at org.junit.runners.Suite.runChild(Suite.java:128)&#13;
	at org.junit.runners.Suite.runChild(Suite.java:24)&#13;
	at org.junit.runners.ParentRunner$3.run(ParentRunner.java:193)&#13;
	at org.junit.runners.ParentRunner$1.schedule(ParentRunner.java:52)&#13;
	at org.junit.runners.ParentRunner.runChildren(ParentRunner.java:191)&#13;
	at org.junit.runners.ParentRunner.access$000(ParentRunner.java:42)&#13;
	at org.junit.runners.ParentRunner$2.evaluate(ParentRunner.java:184)&#13;
	at org.junit.runners.ParentRunner.run(ParentRunner.java:236)&#13;
	at org.eclipse.jdt.internal.junit4.runner.JUnit4TestReference.run(JUnit4TestReference.java:50)&#13;
	at org.eclipse.jdt.internal.junit.runner.TestExecution.run(TestExecution.java:38)&#13;
	at org.eclipse.jdt.internal.junit.runner.RemoteTestRunner.runTests(RemoteTestRunner.java:467)&#13;
	at org.eclipse.jdt.internal.junit.runner.RemoteTestRunner.runTests(RemoteTestRunner.java:683)&#13;
	at org.eclipse.jdt.internal.junit.runner.RemoteTestRunner.run(RemoteTestRunner.java:390)&#13;
	at org.eclipse.jdt.internal.junit.runner.RemoteTestRunner.main(RemoteTestRunner.java:197)&#13;
&#13;
</error>
      </testcase>
      <testcase name="testSetters" classname="ProductTest" time="0.0">
        <error>java.lang.Error: Unresolved compilation problem: 
	The constructor Product(String, double, String, int, int) is undefined
&#13;
	at ProductTest.setUp(ProductTest.java:14)&#13;
	at sun.reflect.NativeMethodAccessorImpl.invoke0(Native Method)&#13;
	at sun.reflect.NativeMethodAccessorImpl.invoke(NativeMethodAccessorImpl.java:57)&#13;
	at sun.reflect.DelegatingMethodAccessorImpl.invoke(DelegatingMethodAccessorImpl.java:43)&#13;
	at java.lang.reflect.Method.invoke(Method.java:601)&#13;
	at org.junit.runners.model.FrameworkMethod$1.runReflectiveCall(FrameworkMethod.java:44)&#13;
	at org.junit.internal.runners.model.ReflectiveCallable.run(ReflectiveCallable.java:15)&#13;
	at org.junit.runners.model.FrameworkMethod.invokeExplosively(FrameworkMethod.java:41)&#13;
	at org.junit.internal.runners.statements.RunBefores.evaluate(RunBefores.java:27)&#13;
	at org.junit.runners.BlockJUnit4ClassRunner.runNotIgnored(BlockJUnit4ClassRunner.java:79)&#13;
	at org.junit.runners.BlockJUnit4ClassRunner.runChild(BlockJUnit4ClassRunner.java:71)&#13;
	at org.junit.runners.BlockJUnit4ClassRunner.runChild(BlockJUnit4ClassRunner.java:49)&#13;
	at org.junit.runners.ParentRunner$3.run(ParentRunner.java:193)&#13;
	at org.junit.runners.ParentRunner$1.schedule(ParentRunner.java:52)&#13;
	at org.junit.runners.ParentRunner.runChildren(ParentRunner.java:191)&#13;
	at org.junit.runners.ParentRunner.access$000(ParentRunner.java:42)&#13;
	at org.junit.runners.ParentRunner$2.evaluate(ParentRunner.java:184)&#13;
	at org.junit.runners.ParentRunner.run(ParentRunner.java:236)&#13;
	at org.junit.runners.Suite.runChild(Suite.java:128)&#13;
	at org.junit.runners.Suite.runChild(Suite.java:24)&#13;
	at org.junit.runners.ParentRunner$3.run(ParentRunner.java:193)&#13;
	at org.junit.runners.ParentRunner$1.schedule(ParentRunner.java:52)&#13;
	at org.junit.runners.ParentRunner.runChildren(ParentRunner.java:191)&#13;
	at org.junit.runners.ParentRunner.access$000(ParentRunner.java:42)&#13;
	at org.junit.runners.ParentRunner$2.evaluate(ParentRunner.java:184)&#13;
	at org.junit.runners.ParentRunner.run(ParentRunner.java:236)&#13;
	at org.eclipse.jdt.internal.junit4.runner.JUnit4TestReference.run(JUnit4TestReference.java:50)&#13;
	at org.eclipse.jdt.internal.junit.runner.TestExecution.run(TestExecution.java:38)&#13;
	at org.eclipse.jdt.internal.junit.runner.RemoteTestRunner.runTests(RemoteTestRunner.java:467)&#13;
	at org.eclipse.jdt.internal.junit.runner.RemoteTestRunner.runTests(RemoteTestRunner.java:683)&#13;
	at org.eclipse.jdt.internal.junit.runner.RemoteTestRunner.run(RemoteTestRunner.java:390)&#13;
	at org.eclipse.jdt.internal.junit.runner.RemoteTestRunner.main(RemoteTestRunner.java:197)&#13;
&#13;
</error>
      </testcase>
    </testsuite>
    <testsuite name="RegistrationTest" time="0.0">
      <testcase name="testDefaultConstructor" classname="RegistrationTest" time="0.0"/>
      <testcase name="testConstructorANDGetters" classname="RegistrationTest" time="0.0"/>
      <testcase name="testValidPersonalDetaials" classname="RegistrationTest" time="0.0"/>
      <testcase name="testInvalidPersonalDetails" classname="RegistrationTest" time="0.0"/>
      <testcase name="testValidVerifyPassword" classname="RegistrationTest" time="0.0"/>
      <testcase name="testInvalidVerifyPassword" classname="RegistrationTest" time="0.0"/>
      <testcase name="testValidPasswordDetails" classname="RegistrationTest" time="0.0"/>
      <testcase name="testCheckingIfMangerIsLoggedIn" classname="RegistrationTest" time="0.0"/>
      <testcase name="testCheckingIfManagerNotLoggedIn" classname="RegistrationTest" time="0.0"/>
      <testcase name="testSetters" classname="RegistrationTest" time="0.0"/>
      <testcase name="testInvalidPasswordDetails" classname="RegistrationTest" time="0.0"/>
      <testcase name="testValidationComplete" classname="RegistrationTest" time="0.0"/>
      <testcase name="testValidationNotComplete" classname="RegistrationTest" time="0.0"/>
      <testcase name="testFourUsersAleadyListed" classname="RegistrationTest" time="0.0"/>
      <testcase name="testUserAlreadyRegistered" classname="RegistrationTest" time="0.0"/>
      <testcase name="testToRedirectToManagerHome" classname="RegistrationTest" time="0.0"/>
      <testcase name="testToRedirectToIndex" classname="RegistrationTest" time="0.0"/>
      <testcase name="testFieldsAreEmpty" classname="RegistrationTest" time="0.0"/>
      <testcase name="testFieldsNotEmpty" classname="RegistrationTest" time="0.0"/>
      <testcase name="testEmailIsValid" classname="RegistrationTest" time="0.0"/>
      <testcase name="testEmailInvalid" classname="RegistrationTest" time="0.0"/>
      <testcase name="testPasswordValid" classname="RegistrationTest" time="0.0"/>
      <testcase name="testPasswordInvalid" classname="RegistrationTest" time="0.0"/>
      <testcase name="testAddingOneUser" classname="RegistrationTest" time="0.0"/>
      <testcase name="testAddingAnEmployee" classname="RegistrationTest" time="0.0"/>
    </testsuite>
    <testsuite name="StockControlTest" time="0.0">
      <testcase name="testConstructorANDGetters" classname="StockControlTest" time="0.0">
        <failure>java.lang.AssertionError: expected: java.lang.String&lt;1.0&gt; but was: java.lang.Double&lt;1.0&gt;&#13;
	at org.junit.Assert.fail(Assert.java:91)&#13;
	at org.junit.Assert.failNotEquals(Assert.java:645)&#13;
	at org.junit.Assert.assertEquals(Assert.java:126)&#13;
	at org.junit.Assert.assertEquals(Assert.java:145)&#13;
	at StockControlTest.testConstructorANDGetters(StockControlTest.java:22)&#13;
	at sun.reflect.NativeMethodAccessorImpl.invoke0(Native Method)&#13;
	at sun.reflect.NativeMethodAccessorImpl.invoke(NativeMethodAccessorImpl.java:57)&#13;
	at sun.reflect.DelegatingMethodAccessorImpl.invoke(DelegatingMethodAccessorImpl.java:43)&#13;
	at java.lang.reflect.Method.invoke(Method.java:601)&#13;
	at org.junit.runners.model.FrameworkMethod$1.runReflectiveCall(FrameworkMethod.java:44)&#13;
	at org.junit.internal.runners.model.ReflectiveCallable.run(ReflectiveCallable.java:15)&#13;
	at org.junit.runners.model.FrameworkMethod.invokeExplosively(FrameworkMethod.java:41)&#13;
	at org.junit.internal.runners.statements.InvokeMethod.evaluate(InvokeMethod.java:20)&#13;
	at org.junit.internal.runners.statements.RunBefores.evaluate(RunBefores.java:28)&#13;
	at org.junit.runners.BlockJUnit4ClassRunner.runNotIgnored(BlockJUnit4ClassRunner.java:79)&#13;
	at org.junit.runners.BlockJUnit4ClassRunner.runChild(BlockJUnit4ClassRunner.java:71)&#13;
	at org.junit.runners.BlockJUnit4ClassRunner.runChild(BlockJUnit4ClassRunner.java:49)&#13;
	at org.junit.runners.ParentRunner$3.run(ParentRunner.java:193)&#13;
	at org.junit.runners.ParentRunner$1.schedule(ParentRunner.java:52)&#13;
	at org.junit.runners.ParentRunner.runChildren(ParentRunner.java:191)&#13;
	at org.junit.runners.ParentRunner.access$000(ParentRunner.java:42)&#13;
	at org.junit.runners.ParentRunner$2.evaluate(ParentRunner.java:184)&#13;
	at org.junit.runners.ParentRunner.run(ParentRunner.java:236)&#13;
	at org.junit.runners.Suite.runChild(Suite.java:128)&#13;
	at org.junit.runners.Suite.runChild(Suite.java:24)&#13;
	at org.junit.runners.ParentRunner$3.run(ParentRunner.java:193)&#13;
	at org.junit.runners.ParentRunner$1.schedule(ParentRunner.java:52)&#13;
	at org.junit.runners.ParentRunner.runChildren(ParentRunner.java:191)&#13;
	at org.junit.runners.ParentRunner.access$000(ParentRunner.java:42)&#13;
	at org.junit.runners.ParentRunner$2.evaluate(ParentRunner.java:184)&#13;
	at org.junit.runners.ParentRunner.run(ParentRunner.java:236)&#13;
	at org.eclipse.jdt.internal.junit4.runner.JUnit4TestReference.run(JUnit4TestReference.java:50)&#13;
	at org.eclipse.jdt.internal.junit.runner.TestExecution.run(TestExecution.java:38)&#13;
	at org.eclipse.jdt.internal.junit.runner.RemoteTestRunner.runTests(RemoteTestRunner.java:467)&#13;
	at org.eclipse.jdt.internal.junit.runner.RemoteTestRunner.runTests(RemoteTestRunner.java:683)&#13;
	at org.eclipse.jdt.internal.junit.runner.RemoteTestRunner.run(RemoteTestRunner.java:390)&#13;
	at org.eclipse.jdt.internal.junit.runner.RemoteTestRunner.main(RemoteTestRunner.java:197)&#13;
&#13;
</failure>
      </testcase>
      <testcase name="testSetters" classname="StockControlTest" time="0.0"/>
      <testcase name="testFieldsAreEmpty" classname="StockControlTest" time="0.0"/>
      <testcase name="testFieldsNotEmpty" classname="StockControlTest" time="0.0"/>
      <testcase name="testGetList" classname="StockControlTest" time="0.0">
        <failure>java.lang.AssertionError: expected:&lt;null&gt; but was:&lt;[Product : Milk, Product : Bread, Product : Sausages, Product : banana]&gt;&#13;
	at org.junit.Assert.fail(Assert.java:91)&#13;
	at org.junit.Assert.failNotEquals(Assert.java:645)&#13;
	at org.junit.Assert.assertEquals(Assert.java:126)&#13;
	at org.junit.Assert.assertEquals(Assert.java:145)&#13;
	at StockControlTest.testGetList(StockControlTest.java:75)&#13;
	at sun.reflect.NativeMethodAccessorImpl.invoke0(Native Method)&#13;
	at sun.reflect.NativeMethodAccessorImpl.invoke(NativeMethodAccessorImpl.java:57)&#13;
	at sun.reflect.DelegatingMethodAccessorImpl.invoke(DelegatingMethodAccessorImpl.java:43)&#13;
	at java.lang.reflect.Method.invoke(Method.java:601)&#13;
	at org.junit.runners.model.FrameworkMethod$1.runReflectiveCall(FrameworkMethod.java:44)&#13;
	at org.junit.internal.runners.model.ReflectiveCallable.run(ReflectiveCallable.java:15)&#13;
	at org.junit.runners.model.FrameworkMethod.invokeExplosively(FrameworkMethod.java:41)&#13;
	at org.junit.internal.runners.statements.InvokeMethod.evaluate(InvokeMethod.java:20)&#13;
	at org.junit.internal.runners.statements.RunBefores.evaluate(RunBefores.java:28)&#13;
	at org.junit.runners.BlockJUnit4ClassRunner.runNotIgnored(BlockJUnit4ClassRunner.java:79)&#13;
	at org.junit.runners.BlockJUnit4ClassRunner.runChild(BlockJUnit4ClassRunner.java:71)&#13;
	at org.junit.runners.BlockJUnit4ClassRunner.runChild(BlockJUnit4ClassRunner.java:49)&#13;
	at org.junit.runners.ParentRunner$3.run(ParentRunner.java:193)&#13;
	at org.junit.runners.ParentRunner$1.schedule(ParentRunner.java:52)&#13;
	at org.junit.runners.ParentRunner.runChildren(ParentRunner.java:191)&#13;
	at org.junit.runners.ParentRunner.access$000(ParentRunner.java:42)&#13;
	at org.junit.runners.ParentRunner$2.evaluate(ParentRunner.java:184)&#13;
	at org.junit.runners.ParentRunner.run(ParentRunner.java:236)&#13;
	at org.junit.runners.Suite.runChild(Suite.java:128)&#13;
	at org.junit.runners.Suite.runChild(Suite.java:24)&#13;
	at org.junit.runners.ParentRunner$3.run(ParentRunner.java:193)&#13;
	at org.junit.runners.ParentRunner$1.schedule(ParentRunner.java:52)&#13;
	at org.junit.runners.ParentRunner.runChildren(ParentRunner.java:191)&#13;
	at org.junit.runners.ParentRunner.access$000(ParentRunner.java:42)&#13;
	at org.junit.runners.ParentRunner$2.evaluate(ParentRunner.java:184)&#13;
	at org.junit.runners.ParentRunner.run(ParentRunner.java:236)&#13;
	at org.eclipse.jdt.internal.junit4.runner.JUnit4TestReference.run(JUnit4TestReference.java:50)&#13;
	at org.eclipse.jdt.internal.junit.runner.TestExecution.run(TestExecution.java:38)&#13;
	at org.eclipse.jdt.internal.junit.runner.RemoteTestRunner.runTests(RemoteTestRunner.java:467)&#13;
	at org.eclipse.jdt.internal.junit.runner.RemoteTestRunner.runTests(RemoteTestRunner.java:683)&#13;
	at org.eclipse.jdt.internal.junit.runner.RemoteTestRunner.run(RemoteTestRunner.java:390)&#13;
	at org.eclipse.jdt.internal.junit.runner.RemoteTestRunner.main(RemoteTestRunner.java:197)&#13;
&#13;
</failure>
      </testcase>
      <testcase name="testSetList" classname="StockControlTest" time="0.0">
        <failure>java.lang.AssertionError: expected:&lt;null&gt; but was:&lt;[Product : Milk, Product : Bread, Product : Sausages, Product : banana]&gt;&#13;
	at org.junit.Assert.fail(Assert.java:91)&#13;
	at org.junit.Assert.failNotEquals(Assert.java:645)&#13;
	at org.junit.Assert.assertEquals(Assert.java:126)&#13;
	at org.junit.Assert.assertEquals(Assert.java:145)&#13;
	at StockControlTest.testSetList(StockControlTest.java:82)&#13;
	at sun.reflect.NativeMethodAccessorImpl.invoke0(Native Method)&#13;
	at sun.reflect.NativeMethodAccessorImpl.invoke(NativeMethodAccessorImpl.java:57)&#13;
	at sun.reflect.DelegatingMethodAccessorImpl.invoke(DelegatingMethodAccessorImpl.java:43)&#13;
	at java.lang.reflect.Method.invoke(Method.java:601)&#13;
	at org.junit.runners.model.FrameworkMethod$1.runReflectiveCall(FrameworkMethod.java:44)&#13;
	at org.junit.internal.runners.model.ReflectiveCallable.run(ReflectiveCallable.java:15)&#13;
	at org.junit.runners.model.FrameworkMethod.invokeExplosively(FrameworkMethod.java:41)&#13;
	at org.junit.internal.runners.statements.InvokeMethod.evaluate(InvokeMethod.java:20)&#13;
	at org.junit.internal.runners.statements.RunBefores.evaluate(RunBefores.java:28)&#13;
	at org.junit.runners.BlockJUnit4ClassRunner.runNotIgnored(BlockJUnit4ClassRunner.java:79)&#13;
	at org.junit.runners.BlockJUnit4ClassRunner.runChild(BlockJUnit4ClassRunner.java:71)&#13;
	at org.junit.runners.BlockJUnit4ClassRunner.runChild(BlockJUnit4ClassRunner.java:49)&#13;
	at org.junit.runners.ParentRunner$3.run(ParentRunner.java:193)&#13;
	at org.junit.runners.ParentRunner$1.schedule(ParentRunner.java:52)&#13;
	at org.junit.runners.ParentRunner.runChildren(ParentRunner.java:191)&#13;
	at org.junit.runners.ParentRunner.access$000(ParentRunner.java:42)&#13;
	at org.junit.runners.ParentRunner$2.evaluate(ParentRunner.java:184)&#13;
	at org.junit.runners.ParentRunner.run(ParentRunner.java:236)&#13;
	at org.junit.runners.Suite.runChild(Suite.java:128)&#13;
	at org.junit.runners.Suite.runChild(Suite.java:24)&#13;
	at org.junit.runners.ParentRunner$3.run(ParentRunner.java:193)&#13;
	at org.junit.runners.ParentRunner$1.schedule(ParentRunner.java:52)&#13;
	at org.junit.runners.ParentRunner.runChildren(ParentRunner.java:191)&#13;
	at org.junit.runners.ParentRunner.access$000(ParentRunner.java:42)&#13;
	at org.junit.runners.ParentRunner$2.evaluate(ParentRunner.java:184)&#13;
	at org.junit.runners.ParentRunner.run(ParentRunner.java:236)&#13;
	at org.eclipse.jdt.internal.junit4.runner.JUnit4TestReference.run(JUnit4TestReference.java:50)&#13;
	at org.eclipse.jdt.internal.junit.runner.TestExecution.run(TestExecution.java:38)&#13;
	at org.eclipse.jdt.internal.junit.runner.RemoteTestRunner.runTests(RemoteTestRunner.java:467)&#13;
	at org.eclipse.jdt.internal.junit.runner.RemoteTestRunner.runTests(RemoteTestRunner.java:683)&#13;
	at org.eclipse.jdt.internal.junit.runner.RemoteTestRunner.run(RemoteTestRunner.java:390)&#13;
	at org.eclipse.jdt.internal.junit.runner.RemoteTestRunner.main(RemoteTestRunner.java:197)&#13;
&#13;
</failure>
      </testcase>
      <testcase name="testStockRemove" classname="StockControlTest" time="0.0">
        <error>java.lang.Error: Unresolved compilation problem: 
	The method removeStock() in the type StockControl is not applicable for the arguments (String)
&#13;
	at StockControlTest.testStockRemove(StockControlTest.java:69)&#13;
	at sun.reflect.NativeMethodAccessorImpl.invoke0(Native Method)&#13;
	at sun.reflect.NativeMethodAccessorImpl.invoke(NativeMethodAccessorImpl.java:57)&#13;
	at sun.reflect.DelegatingMethodAccessorImpl.invoke(DelegatingMethodAccessorImpl.java:43)&#13;
	at java.lang.reflect.Method.invoke(Method.java:601)&#13;
	at org.junit.runners.model.FrameworkMethod$1.runReflectiveCall(FrameworkMethod.java:44)&#13;
	at org.junit.internal.runners.model.ReflectiveCallable.run(ReflectiveCallable.java:15)&#13;
	at org.junit.runners.model.FrameworkMethod.invokeExplosively(FrameworkMethod.java:41)&#13;
	at org.junit.internal.runners.statements.InvokeMethod.evaluate(InvokeMethod.java:20)&#13;
	at org.junit.internal.runners.statements.RunBefores.evaluate(RunBefores.java:28)&#13;
	at org.junit.runners.BlockJUnit4ClassRunner.runNotIgnored(BlockJUnit4ClassRunner.java:79)&#13;
	at org.junit.runners.BlockJUnit4ClassRunner.runChild(BlockJUnit4ClassRunner.java:71)&#13;
	at org.junit.runners.BlockJUnit4ClassRunner.runChild(BlockJUnit4ClassRunner.java:49)&#13;
	at org.junit.runners.ParentRunner$3.run(ParentRunner.java:193)&#13;
	at org.junit.runners.ParentRunner$1.schedule(ParentRunner.java:52)&#13;
	at org.junit.runners.ParentRunner.runChildren(ParentRunner.java:191)&#13;
	at org.junit.runners.ParentRunner.access$000(ParentRunner.java:42)&#13;
	at org.junit.runners.ParentRunner$2.evaluate(ParentRunner.java:184)&#13;
	at org.junit.runners.ParentRunner.run(ParentRunner.java:236)&#13;
	at org.junit.runners.Suite.runChild(Suite.java:128)&#13;
	at org.junit.runners.Suite.runChild(Suite.java:24)&#13;
	at org.junit.runners.ParentRunner$3.run(ParentRunner.java:193)&#13;
	at org.junit.runners.ParentRunner$1.schedule(ParentRunner.java:52)&#13;
	at org.junit.runners.ParentRunner.runChildren(ParentRunner.java:191)&#13;
	at org.junit.runners.ParentRunner.access$000(ParentRunner.java:42)&#13;
	at org.junit.runners.ParentRunner$2.evaluate(ParentRunner.java:184)&#13;
	at org.junit.runners.ParentRunner.run(ParentRunner.java:236)&#13;
	at org.eclipse.jdt.internal.junit4.runner.JUnit4TestReference.run(JUnit4TestReference.java:50)&#13;
	at org.eclipse.jdt.internal.junit.runner.TestExecution.run(TestExecution.java:38)&#13;
	at org.eclipse.jdt.internal.junit.runner.RemoteTestRunner.runTests(RemoteTestRunner.java:467)&#13;
	at org.eclipse.jdt.internal.junit.runner.RemoteTestRunner.runTests(RemoteTestRunner.java:683)&#13;
	at org.eclipse.jdt.internal.junit.runner.RemoteTestRunner.run(RemoteTestRunner.java:390)&#13;
	at org.eclipse.jdt.internal.junit.runner.RemoteTestRunner.main(RemoteTestRunner.java:197)&#13;
&#13;
</error>
      </testcase>
      <testcase name="testgetStockRemove" classname="StockControlTest" time="0.0"/>
    </testsuite>
    <testsuite name="UserDataTest" time="0.0">
      <testcase name="testOneEmployeeInArray" classname="UserDataTest" time="0.0">
        <failure>java.lang.AssertionError: expected:&lt;4&gt; but was:&lt;5&gt;&#13;
	at org.junit.Assert.fail(Assert.java:91)&#13;
	at org.junit.Assert.failNotEquals(Assert.java:645)&#13;
	at org.junit.Assert.assertEquals(Assert.java:126)&#13;
	at org.junit.Assert.assertEquals(Assert.java:470)&#13;
	at org.junit.Assert.assertEquals(Assert.java:454)&#13;
	at UserDataTest.testOneEmployeeInArray(UserDataTest.java:17)&#13;
	at sun.reflect.NativeMethodAccessorImpl.invoke0(Native Method)&#13;
	at sun.reflect.NativeMethodAccessorImpl.invoke(NativeMethodAccessorImpl.java:57)&#13;
	at sun.reflect.DelegatingMethodAccessorImpl.invoke(DelegatingMethodAccessorImpl.java:43)&#13;
	at java.lang.reflect.Method.invoke(Method.java:601)&#13;
	at org.junit.runners.model.FrameworkMethod$1.runReflectiveCall(FrameworkMethod.java:44)&#13;
	at org.junit.internal.runners.model.ReflectiveCallable.run(ReflectiveCallable.java:15)&#13;
	at org.junit.runners.model.FrameworkMethod.invokeExplosively(FrameworkMethod.java:41)&#13;
	at org.junit.internal.runners.statements.InvokeMethod.evaluate(InvokeMethod.java:20)&#13;
	at org.junit.internal.runners.statements.RunBefores.evaluate(RunBefores.java:28)&#13;
	at org.junit.runners.BlockJUnit4ClassRunner.runNotIgnored(BlockJUnit4ClassRunner.java:79)&#13;
	at org.junit.runners.BlockJUnit4ClassRunner.runChild(BlockJUnit4ClassRunner.java:71)&#13;
	at org.junit.runners.BlockJUnit4ClassRunner.runChild(BlockJUnit4ClassRunner.java:49)&#13;
	at org.junit.runners.ParentRunner$3.run(ParentRunner.java:193)&#13;
	at org.junit.runners.ParentRunner$1.schedule(ParentRunner.java:52)&#13;
	at org.junit.runners.ParentRunner.runChildren(ParentRunner.java:191)&#13;
	at org.junit.runners.ParentRunner.access$000(ParentRunner.java:42)&#13;
	at org.junit.runners.ParentRunner$2.evaluate(ParentRunner.java:184)&#13;
	at org.junit.runners.ParentRunner.run(ParentRunner.java:236)&#13;
	at org.junit.runners.Suite.runChild(Suite.java:128)&#13;
	at org.junit.runners.Suite.runChild(Suite.java:24)&#13;
	at org.junit.runners.ParentRunner$3.run(ParentRunner.java:193)&#13;
	at org.junit.runners.ParentRunner$1.schedule(ParentRunner.java:52)&#13;
	at org.junit.runners.ParentRunner.runChildren(ParentRunner.java:191)&#13;
	at org.junit.runners.ParentRunner.access$000(ParentRunner.java:42)&#13;
	at org.junit.runners.ParentRunner$2.evaluate(ParentRunner.java:184)&#13;
	at org.junit.runners.ParentRunner.run(ParentRunner.java:236)&#13;
	at org.eclipse.jdt.internal.junit4.runner.JUnit4TestReference.run(JUnit4TestReference.java:50)&#13;
	at org.eclipse.jdt.internal.junit.runner.TestExecution.run(TestExecution.java:38)&#13;
	at org.eclipse.jdt.internal.junit.runner.RemoteTestRunner.runTests(RemoteTestRunner.java:467)&#13;
	at org.eclipse.jdt.internal.junit.runner.RemoteTestRunner.runTests(RemoteTestRunner.java:683)&#13;
	at org.eclipse.jdt.internal.junit.runner.RemoteTestRunner.run(RemoteTestRunner.java:390)&#13;
	at org.eclipse.jdt.internal.junit.runner.RemoteTestRunner.main(RemoteTestRunner.java:197)&#13;
&#13;
</failure>
      </testcase>
      <testcase name="testEditUser" classname="UserDataTest" time="0.0"/>
      <testcase name="testAddNewEmployee" classname="UserDataTest" time="0.0">
        <failure>java.lang.AssertionError: expected:&lt;5&gt; but was:&lt;6&gt;&#13;
	at org.junit.Assert.fail(Assert.java:91)&#13;
	at org.junit.Assert.failNotEquals(Assert.java:645)&#13;
	at org.junit.Assert.assertEquals(Assert.java:126)&#13;
	at org.junit.Assert.assertEquals(Assert.java:470)&#13;
	at org.junit.Assert.assertEquals(Assert.java:454)&#13;
	at UserDataTest.testAddNewEmployee(UserDataTest.java:25)&#13;
	at sun.reflect.NativeMethodAccessorImpl.invoke0(Native Method)&#13;
	at sun.reflect.NativeMethodAccessorImpl.invoke(NativeMethodAccessorImpl.java:57)&#13;
	at sun.reflect.DelegatingMethodAccessorImpl.invoke(DelegatingMethodAccessorImpl.java:43)&#13;
	at java.lang.reflect.Method.invoke(Method.java:601)&#13;
	at org.junit.runners.model.FrameworkMethod$1.runReflectiveCall(FrameworkMethod.java:44)&#13;
	at org.junit.internal.runners.model.ReflectiveCallable.run(ReflectiveCallable.java:15)&#13;
	at org.junit.runners.model.FrameworkMethod.invokeExplosively(FrameworkMethod.java:41)&#13;
	at org.junit.internal.runners.statements.InvokeMethod.evaluate(InvokeMethod.java:20)&#13;
	at org.junit.internal.runners.statements.RunBefores.evaluate(RunBefores.java:28)&#13;
	at org.junit.runners.BlockJUnit4ClassRunner.runNotIgnored(BlockJUnit4ClassRunner.java:79)&#13;
	at org.junit.runners.BlockJUnit4ClassRunner.runChild(BlockJUnit4ClassRunner.java:71)&#13;
	at org.junit.runners.BlockJUnit4ClassRunner.runChild(BlockJUnit4ClassRunner.java:49)&#13;
	at org.junit.runners.ParentRunner$3.run(ParentRunner.java:193)&#13;
	at org.junit.runners.ParentRunner$1.schedule(ParentRunner.java:52)&#13;
	at org.junit.runners.ParentRunner.runChildren(ParentRunner.java:191)&#13;
	at org.junit.runners.ParentRunner.access$000(ParentRunner.java:42)&#13;
	at org.junit.runners.ParentRunner$2.evaluate(ParentRunner.java:184)&#13;
	at org.junit.runners.ParentRunner.run(ParentRunner.java:236)&#13;
	at org.junit.runners.Suite.runChild(Suite.java:128)&#13;
	at org.junit.runners.Suite.runChild(Suite.java:24)&#13;
	at org.junit.runners.ParentRunner$3.run(ParentRunner.java:193)&#13;
	at org.junit.runners.ParentRunner$1.schedule(ParentRunner.java:52)&#13;
	at org.junit.runners.ParentRunner.runChildren(ParentRunner.java:191)&#13;
	at org.junit.runners.ParentRunner.access$000(ParentRunner.java:42)&#13;
	at org.junit.runners.ParentRunner$2.evaluate(ParentRunner.java:184)&#13;
	at org.junit.runners.ParentRunner.run(ParentRunner.java:236)&#13;
	at org.eclipse.jdt.internal.junit4.runner.JUnit4TestReference.run(JUnit4TestReference.java:50)&#13;
	at org.eclipse.jdt.internal.junit.runner.TestExecution.run(TestExecution.java:38)&#13;
	at org.eclipse.jdt.internal.junit.runner.RemoteTestRunner.runTests(RemoteTestRunner.java:467)&#13;
	at org.eclipse.jdt.internal.junit.runner.RemoteTestRunner.runTests(RemoteTestRunner.java:683)&#13;
	at org.eclipse.jdt.internal.junit.runner.RemoteTestRunner.run(RemoteTestRunner.java:390)&#13;
	at org.eclipse.jdt.internal.junit.runner.RemoteTestRunner.main(RemoteTestRunner.java:197)&#13;
&#13;
</failure>
      </testcase>
      <testcase name="testRemoveEmployees" classname="UserDataTest" time="0.0">
        <failure>java.lang.AssertionError: expected:&lt;6&gt; but was:&lt;8&gt;&#13;
	at org.junit.Assert.fail(Assert.java:91)&#13;
	at org.junit.Assert.failNotEquals(Assert.java:645)&#13;
	at org.junit.Assert.assertEquals(Assert.java:126)&#13;
	at org.junit.Assert.assertEquals(Assert.java:470)&#13;
	at org.junit.Assert.assertEquals(Assert.java:454)&#13;
	at UserDataTest.testRemoveEmployees(UserDataTest.java:36)&#13;
	at sun.reflect.NativeMethodAccessorImpl.invoke0(Native Method)&#13;
	at sun.reflect.NativeMethodAccessorImpl.invoke(NativeMethodAccessorImpl.java:57)&#13;
	at sun.reflect.DelegatingMethodAccessorImpl.invoke(DelegatingMethodAccessorImpl.java:43)&#13;
	at java.lang.reflect.Method.invoke(Method.java:601)&#13;
	at org.junit.runners.model.FrameworkMethod$1.runReflectiveCall(FrameworkMethod.java:44)&#13;
	at org.junit.internal.runners.model.ReflectiveCallable.run(ReflectiveCallable.java:15)&#13;
	at org.junit.runners.model.FrameworkMethod.invokeExplosively(FrameworkMethod.java:41)&#13;
	at org.junit.internal.runners.statements.InvokeMethod.evaluate(InvokeMethod.java:20)&#13;
	at org.junit.internal.runners.statements.RunBefores.evaluate(RunBefores.java:28)&#13;
	at org.junit.runners.BlockJUnit4ClassRunner.runNotIgnored(BlockJUnit4ClassRunner.java:79)&#13;
	at org.junit.runners.BlockJUnit4ClassRunner.runChild(BlockJUnit4ClassRunner.java:71)&#13;
	at org.junit.runners.BlockJUnit4ClassRunner.runChild(BlockJUnit4ClassRunner.java:49)&#13;
	at org.junit.runners.ParentRunner$3.run(ParentRunner.java:193)&#13;
	at org.junit.runners.ParentRunner$1.schedule(ParentRunner.java:52)&#13;
	at org.junit.runners.ParentRunner.runChildren(ParentRunner.java:191)&#13;
	at org.junit.runners.ParentRunner.access$000(ParentRunner.java:42)&#13;
	at org.junit.runners.ParentRunner$2.evaluate(ParentRunner.java:184)&#13;
	at org.junit.runners.ParentRunner.run(ParentRunner.java:236)&#13;
	at org.junit.runners.Suite.runChild(Suite.java:128)&#13;
	at org.junit.runners.Suite.runChild(Suite.java:24)&#13;
	at org.junit.runners.ParentRunner$3.run(ParentRunner.java:193)&#13;
	at org.junit.runners.ParentRunner$1.schedule(ParentRunner.java:52)&#13;
	at org.junit.runners.ParentRunner.runChildren(ParentRunner.java:191)&#13;
	at org.junit.runners.ParentRunner.access$000(ParentRunner.java:42)&#13;
	at org.junit.runners.ParentRunner$2.evaluate(ParentRunner.java:184)&#13;
	at org.junit.runners.ParentRunner.run(ParentRunner.java:236)&#13;
	at org.eclipse.jdt.internal.junit4.runner.JUnit4TestReference.run(JUnit4TestReference.java:50)&#13;
	at org.eclipse.jdt.internal.junit.runner.TestExecution.run(TestExecution.java:38)&#13;
	at org.eclipse.jdt.internal.junit.runner.RemoteTestRunner.runTests(RemoteTestRunner.java:467)&#13;
	at org.eclipse.jdt.internal.junit.runner.RemoteTestRunner.runTests(RemoteTestRunner.java:683)&#13;
	at org.eclipse.jdt.internal.junit.runner.RemoteTestRunner.run(RemoteTestRunner.java:390)&#13;
	at org.eclipse.jdt.internal.junit.runner.RemoteTestRunner.main(RemoteTestRunner.java:197)&#13;
&#13;
</failure>
      </testcase>
      <testcase name="testGetAllCustomers" classname="UserDataTest" time="0.0">
        <failure>java.lang.AssertionError: expected:&lt;6&gt; but was:&lt;10&gt;&#13;
	at org.junit.Assert.fail(Assert.java:91)&#13;
	at org.junit.Assert.failNotEquals(Assert.java:645)&#13;
	at org.junit.Assert.assertEquals(Assert.java:126)&#13;
	at org.junit.Assert.assertEquals(Assert.java:470)&#13;
	at org.junit.Assert.assertEquals(Assert.java:454)&#13;
	at UserDataTest.testGetAllCustomers(UserDataTest.java:49)&#13;
	at sun.reflect.NativeMethodAccessorImpl.invoke0(Native Method)&#13;
	at sun.reflect.NativeMethodAccessorImpl.invoke(NativeMethodAccessorImpl.java:57)&#13;
	at sun.reflect.DelegatingMethodAccessorImpl.invoke(DelegatingMethodAccessorImpl.java:43)&#13;
	at java.lang.reflect.Method.invoke(Method.java:601)&#13;
	at org.junit.runners.model.FrameworkMethod$1.runReflectiveCall(FrameworkMethod.java:44)&#13;
	at org.junit.internal.runners.model.ReflectiveCallable.run(ReflectiveCallable.java:15)&#13;
	at org.junit.runners.model.FrameworkMethod.invokeExplosively(FrameworkMethod.java:41)&#13;
	at org.junit.internal.runners.statements.InvokeMethod.evaluate(InvokeMethod.java:20)&#13;
	at org.junit.internal.runners.statements.RunBefores.evaluate(RunBefores.java:28)&#13;
	at org.junit.runners.BlockJUnit4ClassRunner.runNotIgnored(BlockJUnit4ClassRunner.java:79)&#13;
	at org.junit.runners.BlockJUnit4ClassRunner.runChild(BlockJUnit4ClassRunner.java:71)&#13;
	at org.junit.runners.BlockJUnit4ClassRunner.runChild(BlockJUnit4ClassRunner.java:49)&#13;
	at org.junit.runners.ParentRunner$3.run(ParentRunner.java:193)&#13;
	at org.junit.runners.ParentRunner$1.schedule(ParentRunner.java:52)&#13;
	at org.junit.runners.ParentRunner.runChildren(ParentRunner.java:191)&#13;
	at org.junit.runners.ParentRunner.access$000(ParentRunner.java:42)&#13;
	at org.junit.runners.ParentRunner$2.evaluate(ParentRunner.java:184)&#13;
	at org.junit.runners.ParentRunner.run(ParentRunner.java:236)&#13;
	at org.junit.runners.Suite.runChild(Suite.java:128)&#13;
	at org.junit.runners.Suite.runChild(Suite.java:24)&#13;
	at org.junit.runners.ParentRunner$3.run(ParentRunner.java:193)&#13;
	at org.junit.runners.ParentRunner$1.schedule(ParentRunner.java:52)&#13;
	at org.junit.runners.ParentRunner.runChildren(ParentRunner.java:191)&#13;
	at org.junit.runners.ParentRunner.access$000(ParentRunner.java:42)&#13;
	at org.junit.runners.ParentRunner$2.evaluate(ParentRunner.java:184)&#13;
	at org.junit.runners.ParentRunner.run(ParentRunner.java:236)&#13;
	at org.eclipse.jdt.internal.junit4.runner.JUnit4TestReference.run(JUnit4TestReference.java:50)&#13;
	at org.eclipse.jdt.internal.junit.runner.TestExecution.run(TestExecution.java:38)&#13;
	at org.eclipse.jdt.internal.junit.runner.RemoteTestRunner.runTests(RemoteTestRunner.java:467)&#13;
	at org.eclipse.jdt.internal.junit.runner.RemoteTestRunner.runTests(RemoteTestRunner.java:683)&#13;
	at org.eclipse.jdt.internal.junit.runner.RemoteTestRunner.run(RemoteTestRunner.java:390)&#13;
	at org.eclipse.jdt.internal.junit.runner.RemoteTestRunner.main(RemoteTestRunner.java:197)&#13;
&#13;
</failure>
      </testcase>
      <testcase name="testSetUserInfo" classname="UserDataTest" time="0.0"/>
      <testcase name="testDeleteUser" classname="UserDataTest" time="0.0">
        <failure>java.lang.AssertionError: expected:&lt;4&gt; but was:&lt;10&gt;&#13;
	at org.junit.Assert.fail(Assert.java:91)&#13;
	at org.junit.Assert.failNotEquals(Assert.java:645)&#13;
	at org.junit.Assert.assertEquals(Assert.java:126)&#13;
	at org.junit.Assert.assertEquals(Assert.java:470)&#13;
	at org.junit.Assert.assertEquals(Assert.java:454)&#13;
	at UserDataTest.testDeleteUser(UserDataTest.java:78)&#13;
	at sun.reflect.NativeMethodAccessorImpl.invoke0(Native Method)&#13;
	at sun.reflect.NativeMethodAccessorImpl.invoke(NativeMethodAccessorImpl.java:57)&#13;
	at sun.reflect.DelegatingMethodAccessorImpl.invoke(DelegatingMethodAccessorImpl.java:43)&#13;
	at java.lang.reflect.Method.invoke(Method.java:601)&#13;
	at org.junit.runners.model.FrameworkMethod$1.runReflectiveCall(FrameworkMethod.java:44)&#13;
	at org.junit.internal.runners.model.ReflectiveCallable.run(ReflectiveCallable.java:15)&#13;
	at org.junit.runners.model.FrameworkMethod.invokeExplosively(FrameworkMethod.java:41)&#13;
	at org.junit.internal.runners.statements.InvokeMethod.evaluate(InvokeMethod.java:20)&#13;
	at org.junit.internal.runners.statements.RunBefores.evaluate(RunBefores.java:28)&#13;
	at org.junit.runners.BlockJUnit4ClassRunner.runNotIgnored(BlockJUnit4ClassRunner.java:79)&#13;
	at org.junit.runners.BlockJUnit4ClassRunner.runChild(BlockJUnit4ClassRunner.java:71)&#13;
	at org.junit.runners.BlockJUnit4ClassRunner.runChild(BlockJUnit4ClassRunner.java:49)&#13;
	at org.junit.runners.ParentRunner$3.run(ParentRunner.java:193)&#13;
	at org.junit.runners.ParentRunner$1.schedule(ParentRunner.java:52)&#13;
	at org.junit.runners.ParentRunner.runChildren(ParentRunner.java:191)&#13;
	at org.junit.runners.ParentRunner.access$000(ParentRunner.java:42)&#13;
	at org.junit.runners.ParentRunner$2.evaluate(ParentRunner.java:184)&#13;
	at org.junit.runners.ParentRunner.run(ParentRunner.java:236)&#13;
	at org.junit.runners.Suite.runChild(Suite.java:128)&#13;
	at org.junit.runners.Suite.runChild(Suite.java:24)&#13;
	at org.junit.runners.ParentRunner$3.run(ParentRunner.java:193)&#13;
	at org.junit.runners.ParentRunner$1.schedule(ParentRunner.java:52)&#13;
	at org.junit.runners.ParentRunner.runChildren(ParentRunner.java:191)&#13;
	at org.junit.runners.ParentRunner.access$000(ParentRunner.java:42)&#13;
	at org.junit.runners.ParentRunner$2.evaluate(ParentRunner.java:184)&#13;
	at org.junit.runners.ParentRunner.run(ParentRunner.java:236)&#13;
	at org.eclipse.jdt.internal.junit4.runner.JUnit4TestReference.run(JUnit4TestReference.java:50)&#13;
	at org.eclipse.jdt.internal.junit.runner.TestExecution.run(TestExecution.java:38)&#13;
	at org.eclipse.jdt.internal.junit.runner.RemoteTestRunner.runTests(RemoteTestRunner.java:467)&#13;
	at org.eclipse.jdt.internal.junit.runner.RemoteTestRunner.runTests(RemoteTestRunner.java:683)&#13;
	at org.eclipse.jdt.internal.junit.runner.RemoteTestRunner.run(RemoteTestRunner.java:390)&#13;
	at org.eclipse.jdt.internal.junit.runner.RemoteTestRunner.main(RemoteTestRunner.java:197)&#13;
&#13;
</failure>
      </testcase>
      <testcase name="testAddUserEmpty" classname="UserDataTest" time="0.0">
        <failure>java.lang.AssertionError: expected:&lt;5&gt; but was:&lt;11&gt;&#13;
	at org.junit.Assert.fail(Assert.java:91)&#13;
	at org.junit.Assert.failNotEquals(Assert.java:645)&#13;
	at org.junit.Assert.assertEquals(Assert.java:126)&#13;
	at org.junit.Assert.assertEquals(Assert.java:470)&#13;
	at org.junit.Assert.assertEquals(Assert.java:454)&#13;
	at UserDataTest.testAddUserEmpty(UserDataTest.java:101)&#13;
	at sun.reflect.NativeMethodAccessorImpl.invoke0(Native Method)&#13;
	at sun.reflect.NativeMethodAccessorImpl.invoke(NativeMethodAccessorImpl.java:57)&#13;
	at sun.reflect.DelegatingMethodAccessorImpl.invoke(DelegatingMethodAccessorImpl.java:43)&#13;
	at java.lang.reflect.Method.invoke(Method.java:601)&#13;
	at org.junit.runners.model.FrameworkMethod$1.runReflectiveCall(FrameworkMethod.java:44)&#13;
	at org.junit.internal.runners.model.ReflectiveCallable.run(ReflectiveCallable.java:15)&#13;
	at org.junit.runners.model.FrameworkMethod.invokeExplosively(FrameworkMethod.java:41)&#13;
	at org.junit.internal.runners.statements.InvokeMethod.evaluate(InvokeMethod.java:20)&#13;
	at org.junit.internal.runners.statements.RunBefores.evaluate(RunBefores.java:28)&#13;
	at org.junit.runners.BlockJUnit4ClassRunner.runNotIgnored(BlockJUnit4ClassRunner.java:79)&#13;
	at org.junit.runners.BlockJUnit4ClassRunner.runChild(BlockJUnit4ClassRunner.java:71)&#13;
	at org.junit.runners.BlockJUnit4ClassRunner.runChild(BlockJUnit4ClassRunner.java:49)&#13;
	at org.junit.runners.ParentRunner$3.run(ParentRunner.java:193)&#13;
	at org.junit.runners.ParentRunner$1.schedule(ParentRunner.java:52)&#13;
	at org.junit.runners.ParentRunner.runChildren(ParentRunner.java:191)&#13;
	at org.junit.runners.ParentRunner.access$000(ParentRunner.java:42)&#13;
	at org.junit.runners.ParentRunner$2.evaluate(ParentRunner.java:184)&#13;
	at org.junit.runners.ParentRunner.run(ParentRunner.java:236)&#13;
	at org.junit.runners.Suite.runChild(Suite.java:128)&#13;
	at org.junit.runners.Suite.runChild(Suite.java:24)&#13;
	at org.junit.runners.ParentRunner$3.run(ParentRunner.java:193)&#13;
	at org.junit.runners.ParentRunner$1.schedule(ParentRunner.java:52)&#13;
	at org.junit.runners.ParentRunner.runChildren(ParentRunner.java:191)&#13;
	at org.junit.runners.ParentRunner.access$000(ParentRunner.java:42)&#13;
	at org.junit.runners.ParentRunner$2.evaluate(ParentRunner.java:184)&#13;
	at org.junit.runners.ParentRunner.run(ParentRunner.java:236)&#13;
	at org.eclipse.jdt.internal.junit4.runner.JUnit4TestReference.run(JUnit4TestReference.java:50)&#13;
	at org.eclipse.jdt.internal.junit.runner.TestExecution.run(TestExecution.java:38)&#13;
	at org.eclipse.jdt.internal.junit.runner.RemoteTestRunner.runTests(RemoteTestRunner.java:467)&#13;
	at org.eclipse.jdt.internal.junit.runner.RemoteTestRunner.runTests(RemoteTestRunner.java:683)&#13;
	at org.eclipse.jdt.internal.junit.runner.RemoteTestRunner.run(RemoteTestRunner.java:390)&#13;
	at org.eclipse.jdt.internal.junit.runner.RemoteTestRunner.main(RemoteTestRunner.java:197)&#13;
&#13;
</failure>
      </testcase>
    </testsuite>
    <testsuite name="UserDetailsTest" time="0.0">
      <testcase name="testDefaultConstructor" classname="UserDetailsTest" time="0.0"/>
      <testcase name="testConstructorANDGetters" classname="UserDetailsTest" time="0.0"/>
      <testcase name="testSetters" classname="UserDetailsTest" time="0.0"/>
      <testcase name="testToString" classname="UserDetailsTest" time="0.0"/>
    </testsuite>
    <testsuite name="UserTest" time="0.0">
      <testcase name="testDefaultConstructor" classname="UserTest" time="0.0"/>
      <testcase name="testSetters" classname="UserTest" time="0.0"/>
      <testcase name="testGetters" classname="UserTest" time="0.0"/>
    </testsuite>
  </testsuite>
</testrun>
