<?xml version="1.0" encoding="UTF-8"?><testrun name="CalculateGreenFeesTest" project="ParamaterizedTests" tests="1" started="1" failures="0" errors="1" ignored="0">
  <testsuite name="CalculateGreenFeesTest" time="0.02">
    <testcase name="initializationError" classname="CalculateGreenFeesTest" time="0.02">
      <error>java.lang.RuntimeException: Could not find method: getInvalidDayOfWeek so no params were used.&#13;
	at junitparams.internal.TestMethod.findParamsProvidingMethodInTestclassHierarchy(TestMethod.java:225)&#13;
	at junitparams.internal.TestMethod.invokeMethodWithParams(TestMethod.java:208)&#13;
	at junitparams.internal.TestMethod.paramsFromMethod(TestMethod.java:189)&#13;
	at junitparams.internal.TestMethod.parametersSets(TestMethod.java:121)&#13;
	at junitparams.internal.TestMethod.isIgnored(TestMethod.java:81)&#13;
	at junitparams.internal.TestMethod.isNotIgnored(TestMethod.java:88)&#13;
	at junitparams.internal.ParameterisedTestClassRunner.addTestMethodForEachParamSet(ParameterisedTestClassRunner.java:82)&#13;
	at junitparams.internal.ParameterisedTestClassRunner.computeFrameworkMethods(ParameterisedTestClassRunner.java:56)&#13;
	at junitparams.internal.ParameterisedTestClassRunner.&lt;init&gt;(ParameterisedTestClassRunner.java:32)&#13;
	at junitparams.JUnitParamsRunner.&lt;init&gt;(JUnitParamsRunner.java:390)&#13;
	at sun.reflect.NativeConstructorAccessorImpl.newInstance0(Native Method)&#13;
	at sun.reflect.NativeConstructorAccessorImpl.newInstance(NativeConstructorAccessorImpl.java:57)&#13;
	at sun.reflect.DelegatingConstructorAccessorImpl.newInstance(DelegatingConstructorAccessorImpl.java:45)&#13;
	at java.lang.reflect.Constructor.newInstance(Constructor.java:525)&#13;
	at org.junit.internal.builders.AnnotatedBuilder.buildRunner(AnnotatedBuilder.java:31)&#13;
	at org.junit.internal.builders.AnnotatedBuilder.runnerForClass(AnnotatedBuilder.java:24)&#13;
	at org.junit.runners.model.RunnerBuilder.safeRunnerForClass(RunnerBuilder.java:57)&#13;
	at org.junit.internal.builders.AllDefaultPossibilitiesBuilder.runnerForClass(AllDefaultPossibilitiesBuilder.java:29)&#13;
	at org.junit.runners.model.RunnerBuilder.safeRunnerForClass(RunnerBuilder.java:57)&#13;
	at org.junit.internal.requests.ClassRequest.getRunner(ClassRequest.java:24)&#13;
	at org.eclipse.jdt.internal.junit4.runner.JUnit4TestReference.&lt;init&gt;(JUnit4TestReference.java:33)&#13;
	at org.eclipse.jdt.internal.junit4.runner.JUnit4TestClassReference.&lt;init&gt;(JUnit4TestClassReference.java:25)&#13;
	at org.eclipse.jdt.internal.junit4.runner.JUnit4TestLoader.createTest(JUnit4TestLoader.java:48)&#13;
	at org.eclipse.jdt.internal.junit4.runner.JUnit4TestLoader.loadTests(JUnit4TestLoader.java:38)&#13;
	at org.eclipse.jdt.internal.junit.runner.RemoteTestRunner.runTests(RemoteTestRunner.java:452)&#13;
	at org.eclipse.jdt.internal.junit.runner.RemoteTestRunner.runTests(RemoteTestRunner.java:683)&#13;
	at org.eclipse.jdt.internal.junit.runner.RemoteTestRunner.run(RemoteTestRunner.java:390)&#13;
	at org.eclipse.jdt.internal.junit.runner.RemoteTestRunner.main(RemoteTestRunner.java:197)&#13;
&#13;
</error>
    </testcase>
  </testsuite>
</testrun>
