<?xml version="1.0" encoding="UTF-8"?><testrun name="CarParkFeeTest" project="ParamExam" tests="1" started="1" failures="0" errors="1" ignored="0">
  <testsuite name="com.exam.CarParkFeeTest" time="0.0">
    <testcase name="initializationError" classname="com.exam.CarParkFeeTest" time="0.0">
      <error>java.lang.RuntimeException: Could not invoke method: getDisabledValues defined in class class com.exam.CarParkFeeTest so no params were used.&#13;
	at junitparams.internal.TestMethod.invokeParamsProvidingMethod(TestMethod.java:257)&#13;
	at junitparams.internal.TestMethod.invokeMethodWithParams(TestMethod.java:210)&#13;
	at junitparams.internal.TestMethod.paramsFromMethod(TestMethod.java:189)&#13;
	at junitparams.internal.TestMethod.parametersSets(TestMethod.java:121)&#13;
	at junitparams.internal.TestMethod.isIgnored(TestMethod.java:81)&#13;
	at junitparams.internal.TestMethod.isNotIgnored(TestMethod.java:88)&#13;
	at junitparams.internal.ParameterisedTestClassRunner.addTestMethodForEachParamSet(ParameterisedTestClassRunner.java:82)&#13;
	at junitparams.internal.ParameterisedTestClassRunner.computeFrameworkMethods(ParameterisedTestClassRunner.java:56)&#13;
	at junitparams.internal.ParameterisedTestClassRunner.&lt;init&gt;(ParameterisedTestClassRunner.java:32)&#13;
	at junitparams.JUnitParamsRunner.&lt;init&gt;(JUnitParamsRunner.java:390)&#13;
	at sun.reflect.NativeConstructorAccessorImpl.newInstance0(Native Method)&#13;
	at sun.reflect.NativeConstructorAccessorImpl.newInstance(NativeConstructorAccessorImpl.java:57)&#13;
	at sun.reflect.DelegatingConstructorAccessorImpl.newInstance(DelegatingConstructorAccessorImpl.java:45)&#13;
	at java.lang.reflect.Constructor.newInstance(Constructor.java:525)&#13;
	at org.junit.internal.builders.AnnotatedBuilder.buildRunner(AnnotatedBuilder.java:31)&#13;
	at org.junit.internal.builders.AnnotatedBuilder.runnerForClass(AnnotatedBuilder.java:24)&#13;
	at org.junit.runners.model.RunnerBuilder.safeRunnerForClass(RunnerBuilder.java:57)&#13;
	at org.junit.internal.builders.AllDefaultPossibilitiesBuilder.runnerForClass(AllDefaultPossibilitiesBuilder.java:29)&#13;
	at org.junit.runners.model.RunnerBuilder.safeRunnerForClass(RunnerBuilder.java:57)&#13;
	at org.junit.internal.requests.ClassRequest.getRunner(ClassRequest.java:24)&#13;
	at org.eclipse.jdt.internal.junit4.runner.JUnit4TestReference.&lt;init&gt;(JUnit4TestReference.java:33)&#13;
	at org.eclipse.jdt.internal.junit4.runner.JUnit4TestClassReference.&lt;init&gt;(JUnit4TestClassReference.java:25)&#13;
	at org.eclipse.jdt.internal.junit4.runner.JUnit4TestLoader.createTest(JUnit4TestLoader.java:48)&#13;
	at org.eclipse.jdt.internal.junit4.runner.JUnit4TestLoader.loadTests(JUnit4TestLoader.java:38)&#13;
	at org.eclipse.jdt.internal.junit.runner.RemoteTestRunner.runTests(RemoteTestRunner.java:452)&#13;
	at org.eclipse.jdt.internal.junit.runner.RemoteTestRunner.runTests(RemoteTestRunner.java:683)&#13;
	at org.eclipse.jdt.internal.junit.runner.RemoteTestRunner.run(RemoteTestRunner.java:390)&#13;
	at org.eclipse.jdt.internal.junit.runner.RemoteTestRunner.main(RemoteTestRunner.java:197)&#13;
Caused by: java.lang.reflect.InvocationTargetException&#13;
	at sun.reflect.NativeMethodAccessorImpl.invoke0(Native Method)&#13;
	at sun.reflect.NativeMethodAccessorImpl.invoke(NativeMethodAccessorImpl.java:57)&#13;
	at sun.reflect.DelegatingMethodAccessorImpl.invoke(DelegatingMethodAccessorImpl.java:43)&#13;
	at java.lang.reflect.Method.invoke(Method.java:601)&#13;
	at junitparams.internal.TestMethod.invokeParamsProvidingMethod(TestMethod.java:234)&#13;
	... 27 more&#13;
Caused by: java.lang.Error: Unresolved compilation problems: 
	Syntax error on token ",", Name expected after this token
	Syntax error on token ",", Name expected after this token
&#13;
	at com.exam.CarParkFeeTest.getDisabledValues(CarParkFeeTest.java:46)&#13;
	... 32 more&#13;
&#13;
</error>
    </testcase>
  </testsuite>
</testrun>
