<?xml version="1.0" encoding="UTF-8" ?>
<testsuite errors="0" failures="0" hostname="PCIDB603" name="com.mydomain.shoppingcart.service.test.ShoppingServiceTest" tests="4" time="0.172" timestamp="2009-05-23T00:07:49">
  <properties>
[...]
</properties>
  <testcase classname="com.mydomain.shoppingcart.service.test.ShoppingServiceTest" name="findItems" time="0.015" />
  <testcase classname="com.mydomain.shoppingcart.service.test.ShoppingServiceTest" name="empty" time="0.0" />
  <testcase classname="com.mydomain.shoppingcart.service.test.ShoppingServiceTest" name="addItem" time="0.0" />
  <testcase classname="com.mydomain.shoppingcart.service.test.ShoppingServiceTest" name="removeItem" time="0.0" />
  <system-out><![CDATA[]]></system-out>
  <system-err><![CDATA[]]></system-err>
</testsuite>
